2025-06-23 14:53:11,408 - INFO - ==================================================
2025-06-23 14:53:11,408 - INFO - Starting TeamBlind Scraper
2025-06-23 14:53:11,408 - INFO - Target date range: >= 2025-06-20
2025-06-23 14:53:11,408 - INFO - ==================================================
2025-06-23 14:53:11,778 - INFO - Loading initial page...
2025-06-23 14:53:13,356 - INFO - Processing 22 new posts...
2025-06-23 14:53:20,994 - INFO - Found old post (https://www.teamblind.com/post/goldman-sachs-super-day-for-software-engineer-grn3hao0), stopping processing
2025-06-23 14:53:21,062 - INFO - Stopping reason: Stopped due to old post in initial batch
2025-06-23 14:53:21,062 - INFO - Output file contains 0 posts
2025-06-23 14:54:49,250 - INFO - ==================================================
2025-06-23 14:54:49,250 - INFO - Starting TeamBlind Scraper
2025-06-23 14:54:49,250 - INFO - Target date range: >= 2025-06-20
2025-06-23 14:54:49,251 - INFO - ==================================================
2025-06-23 14:54:49,561 - INFO - Loading initial page...
2025-06-23 14:54:51,019 - INFO - Processing 22 new posts...
2025-06-23 14:54:56,480 - INFO - Found old post (https://www.teamblind.com/post/goldman-sachs-super-day-for-software-engineer-grn3hao0), stopping processing
2025-06-23 14:54:56,551 - INFO - Stopping reason: Stopped due to old post in initial batch
2025-06-23 14:54:56,552 - INFO - Output file contains 1 posts
2025-06-23 14:56:51,416 - INFO - ==================================================
2025-06-23 14:56:51,417 - INFO - Starting TeamBlind Scraper
2025-06-23 14:56:51,417 - INFO - Target date range: >= 2025-06-20
2025-06-23 14:56:51,418 - INFO - ==================================================
2025-06-23 14:56:51,738 - INFO - Loading initial page...
2025-06-23 14:56:53,139 - INFO - Processing 22 new posts...
2025-06-23 14:56:59,391 - INFO - Found old post (https://www.teamblind.com/post/goldman-sachs-super-day-for-software-engineer-grn3hao0), stopping processing
2025-06-23 14:56:59,458 - INFO - Stopping reason: Stopped due to old post in initial batch
2025-06-23 14:56:59,460 - INFO - Output file contains 12 posts
2025-06-23 14:59:04,301 - INFO - ==================================================
2025-06-23 14:59:04,301 - INFO - Starting TeamBlind Scraper
2025-06-23 14:59:04,301 - INFO - Target date range: >= 2025-06-20
2025-06-23 14:59:04,303 - INFO - ==================================================
2025-06-23 14:59:04,616 - INFO - Loading initial page...
2025-06-23 14:59:06,100 - INFO - Processing 22 new posts...
2025-06-23 14:59:12,701 - INFO - Found old post (https://www.teamblind.com/post/goldman-sachs-super-day-for-software-engineer-grn3hao0), stopping processing
2025-06-23 14:59:12,769 - INFO - Stopping reason: Stopped due to old post in initial batch
2025-06-23 14:59:12,770 - INFO - Output file contains 22 posts
2025-06-23 15:07:53,888 - INFO - ==================================================
2025-06-23 15:07:53,888 - INFO - Starting TeamBlind Scraper
2025-06-23 15:07:53,888 - INFO - Target date range: >= 2022-01-01
2025-06-23 15:07:53,888 - INFO - ==================================================
2025-06-23 15:07:54,406 - INFO - Loading initial page...
2025-06-23 15:07:56,068 - INFO - Processing 22 new posts...
2025-06-23 15:07:56,560 - INFO - Error scraping https://www.teamblind.com/post/laid-off-right-before-parental-leave-starts-zvuwxlzt: local variable 'SCRAPING_SUCCESSFULL' referenced before assignment
2025-06-23 15:07:56,802 - INFO - Error scraping https://www.teamblind.com/post/is-gm-laying-off-employees-today-033svzcs: local variable 'SCRAPING_SUCCESSFULL' referenced before assignment
2025-06-23 15:07:57,031 - INFO - Error scraping https://www.teamblind.com/post/messed-up-e6-meta-design-6h0jw7l8: local variable 'SCRAPING_SUCCESSFULL' referenced before assignment
2025-06-23 15:07:57,428 - INFO - Error scraping https://www.teamblind.com/post/seeking-meta-referral-v0pj2zht: local variable 'SCRAPING_SUCCESSFULL' referenced before assignment
2025-06-23 15:07:57,806 - INFO - Error scraping https://www.teamblind.com/post/getting-hired-after-a-long-unemployment-u7qal6ry: local variable 'SCRAPING_SUCCESSFULL' referenced before assignment
2025-06-23 15:07:58,128 - INFO - Error scraping https://www.teamblind.com/post/severance-during-silent-layoffs-ep8trbip: local variable 'SCRAPING_SUCCESSFULL' referenced before assignment
2025-06-23 15:07:58,527 - INFO - Error scraping https://www.teamblind.com/post/microsoft-layoffs-are-due-to-bill-gates-trying-to-be-a-philanthropist-ocxhmlsv: local variable 'SCRAPING_SUCCESSFULL' referenced before assignment
2025-06-23 15:07:58,866 - INFO - Error scraping https://www.teamblind.com/post/how-soon-after-you-hit-apply-have-you-heard-back-from-recruiters-f87whcmh: local variable 'SCRAPING_FAILED' referenced before assignment
2025-06-23 15:07:59,162 - INFO - Error scraping https://www.teamblind.com/post/any-hidden-layoff-to-bypass-warn-dyfw04xn: local variable 'SCRAPING_SUCCESSFULL' referenced before assignment
2025-06-23 15:07:59,468 - INFO - Error scraping https://www.teamblind.com/post/microsoft-layoff-count-first-half-2025-qg7ivuvj: local variable 'SCRAPING_SUCCESSFULL' referenced before assignment
2025-06-23 15:07:59,725 - INFO - Error scraping https://www.teamblind.com/post/what-would-life-be-like-for-you-if-layoffs-never-existed-ekscnyx8: local variable 'SCRAPING_FAILED' referenced before assignment
2025-06-23 15:08:00,090 - INFO - Error scraping https://www.teamblind.com/post/microsoft-vs-audible-sde-2-hd7dpggx: local variable 'SCRAPING_SUCCESSFULL' referenced before assignment
2025-06-23 15:08:00,363 - INFO - Error scraping https://www.teamblind.com/post/pip-culture-xqohg7xo: local variable 'SCRAPING_SUCCESSFULL' referenced before assignment
2025-06-23 15:08:00,752 - INFO - Error scraping https://www.teamblind.com/post/let-go-post-pip-does-background-check-reveal-reason-ffiu1wcq: local variable 'SCRAPING_SUCCESSFULL' referenced before assignment
2025-06-23 15:08:01,069 - INFO - Error scraping https://www.teamblind.com/post/how-much-of-the-layoffs-are-trully-caused-by-ai-nilg1c2j: local variable 'SCRAPING_FAILED' referenced before assignment
2025-06-23 15:08:01,385 - INFO - Error scraping https://www.teamblind.com/post/would-current-layoffs-have-happened-if-elon-had-never-bought-twitter-ww8up4uz: local variable 'SCRAPING_FAILED' referenced before assignment
2025-06-23 15:08:01,682 - INFO - Error scraping https://www.teamblind.com/post/anyone-from-recent-layoffs-deciding-to-retire-instead-biewmoer: local variable 'SCRAPING_FAILED' referenced before assignment
2025-06-23 15:08:02,062 - INFO - Error scraping https://www.teamblind.com/post/goldman-sachs-super-day-for-software-engineer-grn3hao0: local variable 'SCRAPING_SUCCESSFULL' referenced before assignment
2025-06-23 15:08:02,648 - INFO - Error scraping https://www.teamblind.com/post/fun-fact-ms-has-80k-more-employees-than-prepandemic-lhn1707c: local variable 'SCRAPING_SUCCESSFULL' referenced before assignment
2025-06-23 15:08:03,047 - INFO - Error scraping https://www.teamblind.com/post/i-have-an-offer-from-google-after-recent-voluntary-buyout-announcement-1kqfdof8: local variable 'SCRAPING_SUCCESSFULL' referenced before assignment
2025-06-23 15:08:03,381 - INFO - Error scraping https://www.teamblind.com/post/this-guy-has-a-point-can-this-really-happen-ddlrjn1x: local variable 'SCRAPING_FAILED' referenced before assignment
2025-06-23 15:08:03,738 - INFO - Error scraping https://www.teamblind.com/post/72-microsoft-mega-layoffs-7k-mostly-mcaps-gaming-wks85jpl: local variable 'SCRAPING_SUCCESSFULL' referenced before assignment
2025-06-23 15:08:06,545 - INFO - Processing 20 new posts...
2025-06-23 15:08:06,980 - INFO - Error scraping https://www.teamblind.com/post/wsj-microsoft-to-layoff-several-thousands-in-next-few-weeks-pr1b03vl: local variable 'SCRAPING_SUCCESSFULL' referenced before assignment
2025-06-23 15:12:11,015 - INFO - ==================================================
2025-06-23 15:12:11,015 - INFO - Starting TeamBlind Scraper
2025-06-23 15:12:11,015 - INFO - Target date range: >= 2022-01-01
2025-06-23 15:12:11,015 - INFO - ==================================================
2025-06-23 15:12:11,395 - INFO - Loading initial page...
2025-06-23 15:12:12,847 - INFO - Processing 22 new posts...
2025-06-23 15:12:26,169 - INFO - Processing 20 new posts...
2025-06-23 15:12:38,790 - INFO - Processing 20 new posts...
2025-06-23 15:12:51,769 - INFO - Processing 20 new posts...
2025-06-23 15:13:04,433 - INFO - Processing 20 new posts...
2025-06-23 15:13:17,526 - INFO - Processing 20 new posts...
2025-06-23 15:13:30,896 - INFO - Processing 20 new posts...
2025-06-23 15:13:44,553 - INFO - Processing 20 new posts...
2025-06-23 15:13:58,153 - INFO - Processing 20 new posts...
2025-06-23 15:14:15,138 - INFO - Processing 20 new posts...
2025-06-23 15:14:29,222 - INFO - Processing 20 new posts...
2025-06-23 15:14:46,049 - INFO - Processing 20 new posts...
2025-06-23 15:15:02,474 - INFO - Processing 20 new posts...
2025-06-23 15:15:15,142 - INFO - Successfully scraped 200 posts so far
2025-06-23 15:15:15,142 - INFO - Error scraping https://www.teamblind.com/post/contract-jobs-sjyq2bfl: 'post_date_str'
2025-06-23 15:15:19,430 - INFO - Processing 20 new posts...
2025-06-23 15:15:35,626 - INFO - Processing 20 new posts...
2025-06-23 15:15:52,585 - INFO - Processing 20 new posts...
2025-06-23 15:16:07,411 - INFO - Processing 20 new posts...
2025-06-23 15:16:24,992 - INFO - Processing 20 new posts...
2025-06-23 15:16:42,787 - INFO - Processing 20 new posts...
2025-06-23 15:16:59,446 - INFO - Processing 20 new posts...
2025-06-23 15:17:15,499 - INFO - Processing 20 new posts...
2025-06-23 15:17:36,360 - INFO - Processing 20 new posts...
2025-06-23 15:17:54,991 - INFO - Processing 20 new posts...
2025-06-23 15:18:02,852 - INFO - No new posts detected (1)
2025-06-23 15:18:05,369 - INFO - No new posts detected (2)
2025-06-23 15:18:07,882 - INFO - No new posts detected (3)
2025-06-23 15:18:10,393 - INFO - No new posts detected (4)
2025-06-23 15:18:12,904 - INFO - No new posts detected (5)
2025-06-23 15:18:15,415 - INFO - No new posts detected (6)
2025-06-23 15:18:17,926 - INFO - No new posts detected (7)
2025-06-23 15:18:20,438 - INFO - No new posts detected (8)
2025-06-23 15:18:22,953 - INFO - No new posts detected (9)
2025-06-23 15:18:25,465 - INFO - No new posts detected (10)
2025-06-23 15:18:27,976 - INFO - No new posts detected (11)
2025-06-23 15:18:30,489 - INFO - No new posts detected (12)
2025-06-23 15:18:32,998 - INFO - No new posts detected (13)
2025-06-23 15:18:35,508 - INFO - No new posts detected (14)
2025-06-23 15:18:38,017 - INFO - No new posts detected (15)
2025-06-23 15:18:40,527 - INFO - No new posts detected (16)
2025-06-23 15:18:43,036 - INFO - No new posts detected (17)
2025-06-23 15:18:45,545 - INFO - No new posts detected (18)
2025-06-23 15:18:48,055 - INFO - No new posts detected (19)
2025-06-23 15:18:50,564 - INFO - No new posts detected (20)
2025-06-23 15:18:53,073 - INFO - No new posts detected (21)
2025-06-23 15:18:55,583 - INFO - No new posts detected (22)
2025-06-23 15:18:58,092 - INFO - No new posts detected (23)
2025-06-23 15:19:00,601 - INFO - No new posts detected (24)
2025-06-23 15:19:03,111 - INFO - No new posts detected (25)
2025-06-23 15:19:05,620 - INFO - No new posts detected (26)
2025-06-23 15:19:08,130 - INFO - No new posts detected (27)
2025-06-23 15:19:10,639 - INFO - No new posts detected (28)
2025-06-23 15:19:13,149 - INFO - No new posts detected (29)
2025-06-23 15:19:15,658 - INFO - No new posts detected (30)
2025-06-23 15:19:18,167 - INFO - No new posts detected (31)
2025-06-23 15:19:20,677 - INFO - No new posts detected (32)
2025-06-23 15:19:23,186 - INFO - No new posts detected (33)
2025-06-23 15:19:25,696 - INFO - No new posts detected (34)
2025-06-23 15:19:28,205 - INFO - No new posts detected (35)
2025-06-23 15:19:30,715 - INFO - No new posts detected (36)
2025-06-23 15:19:33,224 - INFO - No new posts detected (37)
2025-06-23 15:19:35,733 - INFO - No new posts detected (38)
2025-06-23 15:19:38,241 - INFO - No new posts detected (39)
2025-06-23 15:19:40,750 - INFO - No new posts detected (40)
2025-06-23 15:19:43,260 - INFO - No new posts detected (41)
2025-06-23 15:19:45,769 - INFO - No new posts detected (42)
2025-06-23 15:19:48,279 - INFO - No new posts detected (43)
2025-06-23 15:19:50,788 - INFO - No new posts detected (44)
2025-06-23 15:19:53,298 - INFO - No new posts detected (45)
2025-06-23 15:19:55,807 - INFO - No new posts detected (46)
2025-06-23 15:19:58,317 - INFO - No new posts detected (47)
2025-06-23 15:20:00,827 - INFO - No new posts detected (48)
2025-06-23 15:20:03,336 - INFO - No new posts detected (49)
2025-06-23 15:20:05,845 - INFO - No new posts detected (50)
2025-06-23 15:20:08,354 - INFO - No new posts detected (51)
2025-06-23 15:20:10,864 - INFO - No new posts detected (52)
2025-06-23 15:20:13,373 - INFO - No new posts detected (53)
2025-06-23 15:20:15,883 - INFO - No new posts detected (54)
2025-06-23 15:20:18,392 - INFO - No new posts detected (55)
2025-06-23 15:20:20,901 - INFO - No new posts detected (56)
2025-06-23 15:20:23,411 - INFO - No new posts detected (57)
2025-06-23 15:20:25,920 - INFO - No new posts detected (58)
2025-06-23 15:20:28,430 - INFO - No new posts detected (59)
2025-06-23 15:20:30,939 - INFO - No new posts detected (60)
2025-06-23 15:20:33,449 - INFO - No new posts detected (61)
2025-06-23 15:20:35,958 - INFO - No new posts detected (62)
2025-06-23 15:20:38,467 - INFO - No new posts detected (63)
2025-06-23 15:20:40,977 - INFO - No new posts detected (64)
2025-06-23 15:20:43,486 - INFO - No new posts detected (65)
2025-06-23 15:20:45,995 - INFO - No new posts detected (66)
2025-06-23 15:20:48,508 - INFO - No new posts detected (67)
2025-06-23 15:20:51,017 - INFO - No new posts detected (68)
2025-06-23 15:20:53,526 - INFO - No new posts detected (69)
2025-06-23 15:20:56,035 - INFO - No new posts detected (70)
2025-06-23 15:20:58,544 - INFO - No new posts detected (71)
2025-06-23 15:21:01,054 - INFO - No new posts detected (72)
2025-06-23 15:21:03,563 - INFO - No new posts detected (73)
2025-06-23 15:21:06,073 - INFO - No new posts detected (74)
2025-06-23 15:21:08,582 - INFO - No new posts detected (75)
2025-06-23 15:21:11,089 - INFO - No new posts detected (76)
2025-06-23 15:21:13,598 - INFO - No new posts detected (77)
2025-06-23 15:21:16,108 - INFO - No new posts detected (78)
2025-06-23 15:21:18,617 - INFO - No new posts detected (79)
2025-06-23 15:21:21,126 - INFO - No new posts detected (80)
2025-06-23 15:21:23,635 - INFO - No new posts detected (81)
2025-06-23 15:21:26,144 - INFO - No new posts detected (82)
2025-06-23 15:21:28,654 - INFO - No new posts detected (83)
2025-06-23 15:21:31,163 - INFO - No new posts detected (84)
2025-06-23 15:21:33,673 - INFO - No new posts detected (85)
2025-06-23 15:21:36,182 - INFO - No new posts detected (86)
2025-06-23 15:21:38,692 - INFO - No new posts detected (87)
2025-06-23 15:21:41,201 - INFO - No new posts detected (88)
2025-06-23 15:21:43,710 - INFO - No new posts detected (89)
2025-06-23 15:21:46,220 - INFO - No new posts detected (90)
2025-06-23 15:21:48,729 - INFO - No new posts detected (91)
2025-06-23 15:21:51,242 - INFO - No new posts detected (92)
2025-06-23 15:21:53,752 - INFO - No new posts detected (93)
2025-06-23 15:21:56,261 - INFO - No new posts detected (94)
2025-06-23 15:21:58,771 - INFO - No new posts detected (95)
2025-06-23 15:22:01,280 - INFO - No new posts detected (96)
2025-06-23 15:22:03,790 - INFO - No new posts detected (97)
2025-06-23 15:22:06,299 - INFO - No new posts detected (98)
2025-06-23 15:22:08,808 - INFO - No new posts detected (99)
2025-06-23 15:22:11,318 - INFO - No new posts detected (100)
2025-06-23 15:22:13,827 - INFO - No new posts detected (101)
2025-06-23 15:22:16,336 - INFO - No new posts detected (102)
2025-06-23 15:22:18,846 - INFO - No new posts detected (103)
2025-06-23 15:22:21,355 - INFO - No new posts detected (104)
2025-06-23 15:22:23,865 - INFO - No new posts detected (105)
2025-06-23 15:22:26,374 - INFO - No new posts detected (106)
2025-06-23 15:22:28,883 - INFO - No new posts detected (107)
2025-06-23 15:22:31,393 - INFO - No new posts detected (108)
2025-06-23 15:22:33,902 - INFO - No new posts detected (109)
2025-06-23 15:22:36,411 - INFO - No new posts detected (110)
2025-06-23 15:22:38,921 - INFO - No new posts detected (111)
2025-06-23 15:22:41,430 - INFO - No new posts detected (112)
2025-06-23 15:22:43,940 - INFO - No new posts detected (113)
2025-06-23 15:22:46,449 - INFO - No new posts detected (114)
2025-06-23 15:22:48,958 - INFO - No new posts detected (115)
2025-06-23 15:22:51,468 - INFO - No new posts detected (116)
2025-06-23 15:22:53,978 - INFO - No new posts detected (117)
2025-06-23 15:22:56,487 - INFO - No new posts detected (118)
2025-06-23 15:22:58,996 - INFO - No new posts detected (119)
2025-06-23 15:23:01,506 - INFO - No new posts detected (120)
2025-06-23 15:23:04,015 - INFO - No new posts detected (121)
2025-06-23 15:23:06,525 - INFO - No new posts detected (122)
2025-06-23 15:23:09,034 - INFO - No new posts detected (123)
2025-06-23 15:23:11,544 - INFO - No new posts detected (124)
2025-06-23 15:23:14,053 - INFO - No new posts detected (125)
2025-06-23 15:23:16,563 - INFO - No new posts detected (126)
2025-06-23 15:23:19,072 - INFO - No new posts detected (127)
2025-06-23 15:23:21,582 - INFO - No new posts detected (128)
2025-06-23 15:23:24,092 - INFO - No new posts detected (129)
2025-06-23 15:23:26,601 - INFO - No new posts detected (130)
2025-06-23 15:23:29,110 - INFO - No new posts detected (131)
2025-06-23 15:23:31,620 - INFO - No new posts detected (132)
2025-06-23 15:23:34,129 - INFO - No new posts detected (133)
2025-06-23 15:23:36,639 - INFO - No new posts detected (134)
2025-06-23 15:23:39,148 - INFO - No new posts detected (135)
2025-06-23 15:23:41,658 - INFO - No new posts detected (136)
2025-06-23 15:23:44,169 - INFO - No new posts detected (137)
2025-06-23 15:23:46,681 - INFO - No new posts detected (138)
2025-06-23 15:23:49,190 - INFO - No new posts detected (139)
2025-06-23 15:23:51,700 - INFO - No new posts detected (140)
2025-06-23 15:23:54,209 - INFO - No new posts detected (141)
2025-06-23 15:23:56,719 - INFO - No new posts detected (142)
2025-06-23 15:23:59,228 - INFO - No new posts detected (143)
2025-06-23 15:24:01,738 - INFO - No new posts detected (144)
2025-06-23 15:24:04,248 - INFO - No new posts detected (145)
2025-06-23 15:24:06,757 - INFO - No new posts detected (146)
2025-06-23 15:24:09,266 - INFO - No new posts detected (147)
2025-06-23 15:24:11,776 - INFO - No new posts detected (148)
2025-06-23 15:24:14,285 - INFO - No new posts detected (149)
2025-06-23 15:24:16,794 - INFO - No new posts detected (150)
2025-06-23 15:24:19,305 - INFO - No new posts detected (151)
2025-06-23 15:24:21,814 - INFO - No new posts detected (152)
2025-06-23 15:24:24,324 - INFO - No new posts detected (153)
2025-06-23 15:24:26,833 - INFO - No new posts detected (154)
2025-06-23 15:24:29,342 - INFO - No new posts detected (155)
2025-06-23 15:24:31,852 - INFO - No new posts detected (156)
2025-06-23 15:24:34,362 - INFO - No new posts detected (157)
2025-06-23 15:24:36,871 - INFO - No new posts detected (158)
2025-06-23 15:24:39,381 - INFO - No new posts detected (159)
2025-06-23 15:24:41,890 - INFO - No new posts detected (160)
2025-06-23 15:24:44,400 - INFO - No new posts detected (161)
2025-06-23 15:24:46,909 - INFO - No new posts detected (162)
2025-06-23 15:24:49,419 - INFO - No new posts detected (163)
2025-06-23 15:24:51,929 - INFO - No new posts detected (164)
2025-06-23 15:24:54,438 - INFO - No new posts detected (165)
2025-06-23 15:24:56,948 - INFO - No new posts detected (166)
2025-06-23 15:24:59,457 - INFO - No new posts detected (167)
2025-06-23 15:25:01,967 - INFO - No new posts detected (168)
2025-06-23 15:25:04,477 - INFO - No new posts detected (169)
2025-06-23 15:25:06,986 - INFO - No new posts detected (170)
2025-06-23 15:25:09,495 - INFO - No new posts detected (171)
2025-06-23 15:25:12,005 - INFO - No new posts detected (172)
2025-06-23 15:25:14,514 - INFO - No new posts detected (173)
2025-06-23 15:25:17,024 - INFO - No new posts detected (174)
2025-06-23 15:25:19,534 - INFO - No new posts detected (175)
2025-06-23 15:25:22,043 - INFO - No new posts detected (176)
2025-06-23 15:25:24,553 - INFO - No new posts detected (177)
2025-06-23 15:25:27,062 - INFO - No new posts detected (178)
2025-06-23 15:25:29,571 - INFO - No new posts detected (179)
2025-06-23 15:25:32,081 - INFO - No new posts detected (180)
2025-06-23 15:25:34,590 - INFO - No new posts detected (181)
2025-06-23 15:25:37,100 - INFO - No new posts detected (182)
2025-06-23 15:25:39,609 - INFO - No new posts detected (183)
2025-06-23 15:25:42,118 - INFO - No new posts detected (184)
2025-06-23 15:25:44,627 - INFO - No new posts detected (185)
2025-06-23 15:25:47,137 - INFO - No new posts detected (186)
2025-06-23 15:25:49,646 - INFO - No new posts detected (187)
2025-06-23 15:25:52,156 - INFO - No new posts detected (188)
2025-06-23 15:25:54,665 - INFO - No new posts detected (189)
2025-06-23 15:25:57,173 - INFO - No new posts detected (190)
2025-06-23 15:25:59,682 - INFO - No new posts detected (191)
2025-06-23 15:26:02,191 - INFO - No new posts detected (192)
2025-06-23 15:26:04,704 - INFO - No new posts detected (193)
2025-06-23 15:26:07,214 - INFO - No new posts detected (194)
2025-06-23 15:26:09,723 - INFO - No new posts detected (195)
2025-06-23 15:26:12,233 - INFO - No new posts detected (196)
2025-06-23 15:26:14,742 - INFO - No new posts detected (197)
2025-06-23 15:26:17,251 - INFO - No new posts detected (198)
2025-06-23 15:26:19,765 - INFO - No new posts detected (199)
2025-06-23 15:26:22,277 - INFO - No new posts detected (200)
2025-06-23 15:26:24,788 - INFO - No new posts detected (201)
2025-06-23 15:26:27,299 - INFO - No new posts detected (202)
2025-06-23 15:26:29,810 - INFO - No new posts detected (203)
2025-06-23 15:26:32,321 - INFO - No new posts detected (204)
2025-06-23 15:26:34,832 - INFO - No new posts detected (205)
2025-06-23 15:26:37,343 - INFO - No new posts detected (206)
2025-06-23 15:26:39,854 - INFO - No new posts detected (207)
2025-06-23 15:26:42,365 - INFO - No new posts detected (208)
2025-06-23 15:26:44,876 - INFO - No new posts detected (209)
2025-06-23 15:26:47,388 - INFO - No new posts detected (210)
2025-06-23 15:26:49,900 - INFO - No new posts detected (211)
2025-06-23 15:26:52,410 - INFO - No new posts detected (212)
2025-06-23 15:26:54,919 - INFO - No new posts detected (213)
2025-06-23 15:26:57,429 - INFO - No new posts detected (214)
2025-06-23 15:26:59,938 - INFO - No new posts detected (215)
2025-06-23 15:27:02,447 - INFO - No new posts detected (216)
2025-06-23 15:27:04,957 - INFO - No new posts detected (217)
2025-06-23 15:27:07,466 - INFO - No new posts detected (218)
2025-06-23 15:27:09,975 - INFO - No new posts detected (219)
2025-06-23 15:27:12,485 - INFO - No new posts detected (220)
2025-06-23 15:27:14,994 - INFO - No new posts detected (221)
2025-06-23 15:27:17,503 - INFO - No new posts detected (222)
2025-06-23 15:27:20,014 - INFO - No new posts detected (223)
2025-06-23 15:27:22,523 - INFO - No new posts detected (224)
2025-06-23 15:27:25,032 - INFO - No new posts detected (225)
2025-06-23 15:27:27,541 - INFO - No new posts detected (226)
2025-06-23 15:27:30,053 - INFO - No new posts detected (227)
2025-06-23 15:27:32,564 - INFO - No new posts detected (228)
2025-06-23 15:27:35,076 - INFO - No new posts detected (229)
2025-06-23 15:27:37,588 - INFO - No new posts detected (230)
2025-06-23 15:27:40,098 - INFO - No new posts detected (231)
2025-06-23 15:27:42,609 - INFO - No new posts detected (232)
2025-06-23 15:27:45,121 - INFO - No new posts detected (233)
2025-06-23 15:27:47,632 - INFO - No new posts detected (234)
2025-06-23 15:27:50,142 - INFO - No new posts detected (235)
2025-06-23 15:27:52,652 - INFO - No new posts detected (236)
2025-06-23 15:27:55,161 - INFO - No new posts detected (237)
2025-06-23 15:27:57,671 - INFO - No new posts detected (238)
2025-06-23 15:28:00,180 - INFO - No new posts detected (239)
2025-06-23 15:28:02,690 - INFO - No new posts detected (240)
2025-06-23 15:28:05,199 - INFO - No new posts detected (241)
2025-06-23 15:28:07,709 - INFO - No new posts detected (242)
2025-06-23 15:28:10,218 - INFO - No new posts detected (243)
2025-06-23 15:28:12,728 - INFO - No new posts detected (244)
2025-06-23 15:28:15,237 - INFO - No new posts detected (245)
2025-06-23 15:28:17,747 - INFO - No new posts detected (246)
2025-06-23 15:28:20,257 - INFO - No new posts detected (247)
2025-06-23 15:28:22,766 - INFO - No new posts detected (248)
2025-06-23 15:28:25,276 - INFO - No new posts detected (249)
2025-06-23 15:28:27,786 - INFO - No new posts detected (250)
2025-06-23 15:28:30,295 - INFO - No new posts detected (251)
2025-06-23 15:28:32,804 - INFO - No new posts detected (252)
2025-06-23 15:28:35,314 - INFO - No new posts detected (253)
2025-06-23 15:28:37,823 - INFO - No new posts detected (254)
2025-06-23 15:28:40,333 - INFO - No new posts detected (255)
2025-06-23 15:28:42,842 - INFO - No new posts detected (256)
2025-06-23 15:28:45,351 - INFO - No new posts detected (257)
2025-06-23 15:28:47,861 - INFO - No new posts detected (258)
2025-06-23 15:28:50,371 - INFO - No new posts detected (259)
2025-06-23 15:28:52,880 - INFO - No new posts detected (260)
2025-06-23 15:28:55,390 - INFO - No new posts detected (261)
2025-06-23 15:28:57,900 - INFO - No new posts detected (262)
2025-06-23 15:29:00,409 - INFO - No new posts detected (263)
2025-06-23 15:29:02,918 - INFO - No new posts detected (264)
2025-06-23 15:29:05,428 - INFO - No new posts detected (265)
2025-06-23 15:29:07,938 - INFO - No new posts detected (266)
2025-06-23 15:29:10,447 - INFO - No new posts detected (267)
2025-06-23 15:29:12,956 - INFO - No new posts detected (268)
2025-06-23 15:29:15,465 - INFO - No new posts detected (269)
2025-06-23 15:29:17,974 - INFO - No new posts detected (270)
2025-06-23 15:29:20,484 - INFO - No new posts detected (271)
2025-06-23 15:29:22,993 - INFO - No new posts detected (272)
2025-06-23 15:29:25,503 - INFO - No new posts detected (273)
2025-06-23 15:29:28,012 - INFO - No new posts detected (274)
2025-06-23 15:29:30,522 - INFO - No new posts detected (275)
2025-06-23 15:29:33,031 - INFO - No new posts detected (276)
2025-06-23 15:29:35,541 - INFO - No new posts detected (277)
2025-06-23 15:29:38,050 - INFO - No new posts detected (278)
2025-06-23 15:29:40,560 - INFO - No new posts detected (279)
2025-06-23 15:29:43,069 - INFO - No new posts detected (280)
2025-06-23 15:29:45,578 - INFO - No new posts detected (281)
2025-06-23 15:29:48,088 - INFO - No new posts detected (282)
2025-06-23 15:29:50,597 - INFO - No new posts detected (283)
2025-06-23 15:29:53,107 - INFO - No new posts detected (284)
2025-06-23 15:29:55,617 - INFO - No new posts detected (285)
2025-06-23 15:29:58,126 - INFO - No new posts detected (286)
2025-06-23 15:30:00,635 - INFO - No new posts detected (287)
2025-06-23 15:30:03,145 - INFO - No new posts detected (288)
2025-06-23 15:30:05,654 - INFO - No new posts detected (289)
2025-06-23 15:30:08,164 - INFO - No new posts detected (290)
2025-06-23 15:30:10,674 - INFO - No new posts detected (291)
2025-06-23 15:30:13,183 - INFO - No new posts detected (292)
2025-06-23 15:30:15,693 - INFO - No new posts detected (293)
2025-06-23 15:30:18,202 - INFO - No new posts detected (294)
2025-06-23 15:30:20,711 - INFO - No new posts detected (295)
2025-06-23 15:30:23,221 - INFO - No new posts detected (296)
2025-06-23 15:30:25,731 - INFO - No new posts detected (297)
2025-06-23 15:30:28,240 - INFO - No new posts detected (298)
2025-06-23 15:30:30,750 - INFO - No new posts detected (299)
2025-06-23 15:30:33,260 - INFO - No new posts detected (300)
2025-06-23 15:30:35,769 - INFO - No new posts detected (301)
2025-06-23 15:30:38,278 - INFO - No new posts detected (302)
2025-06-23 15:30:40,788 - INFO - No new posts detected (303)
2025-06-23 15:30:43,298 - INFO - No new posts detected (304)
2025-06-23 15:30:45,807 - INFO - No new posts detected (305)
2025-06-23 15:30:48,316 - INFO - No new posts detected (306)
2025-06-23 15:30:50,826 - INFO - No new posts detected (307)
2025-06-23 15:30:53,335 - INFO - No new posts detected (308)
2025-06-23 15:30:55,845 - INFO - No new posts detected (309)
2025-06-23 15:30:58,354 - INFO - No new posts detected (310)
2025-06-23 15:31:00,863 - INFO - No new posts detected (311)
2025-06-23 15:31:03,372 - INFO - No new posts detected (312)
2025-06-23 15:31:05,882 - INFO - No new posts detected (313)
2025-06-23 15:31:08,391 - INFO - No new posts detected (314)
2025-06-23 15:31:10,901 - INFO - No new posts detected (315)
2025-06-23 15:31:13,410 - INFO - No new posts detected (316)
2025-06-23 15:31:15,919 - INFO - No new posts detected (317)
2025-06-23 15:31:18,429 - INFO - No new posts detected (318)
2025-06-23 15:31:20,939 - INFO - No new posts detected (319)
2025-06-23 15:31:23,448 - INFO - No new posts detected (320)
2025-06-23 15:31:25,958 - INFO - No new posts detected (321)
2025-06-23 15:31:28,467 - INFO - No new posts detected (322)
2025-06-23 15:31:30,977 - INFO - No new posts detected (323)
2025-06-23 15:31:33,486 - INFO - No new posts detected (324)
2025-06-23 15:31:35,996 - INFO - No new posts detected (325)
2025-06-23 15:31:38,506 - INFO - No new posts detected (326)
2025-06-23 15:31:41,016 - INFO - No new posts detected (327)
2025-06-23 15:31:43,529 - INFO - No new posts detected (328)
2025-06-23 15:31:46,038 - INFO - No new posts detected (329)
2025-06-23 15:31:48,548 - INFO - No new posts detected (330)
2025-06-23 15:31:51,057 - INFO - No new posts detected (331)
2025-06-23 15:31:53,566 - INFO - No new posts detected (332)
2025-06-23 15:31:56,076 - INFO - No new posts detected (333)
2025-06-23 15:31:58,585 - INFO - No new posts detected (334)
2025-06-23 15:32:01,093 - INFO - No new posts detected (335)
2025-06-23 15:32:03,603 - INFO - No new posts detected (336)
2025-06-23 15:32:06,112 - INFO - No new posts detected (337)
2025-06-23 15:32:08,622 - INFO - No new posts detected (338)
2025-06-23 15:32:11,130 - INFO - No new posts detected (339)
2025-06-23 15:32:13,639 - INFO - No new posts detected (340)
2025-06-23 15:32:16,149 - INFO - No new posts detected (341)
2025-06-23 15:32:18,658 - INFO - No new posts detected (342)
2025-06-23 15:32:21,168 - INFO - No new posts detected (343)
2025-06-23 15:32:23,678 - INFO - No new posts detected (344)
2025-06-23 15:32:26,187 - INFO - No new posts detected (345)
2025-06-23 15:32:28,696 - INFO - No new posts detected (346)
2025-06-23 15:32:31,206 - INFO - No new posts detected (347)
2025-06-23 15:32:33,716 - INFO - No new posts detected (348)
2025-06-23 15:32:36,225 - INFO - No new posts detected (349)
2025-06-23 15:32:38,734 - INFO - No new posts detected (350)
2025-06-23 15:32:41,244 - INFO - No new posts detected (351)
2025-06-23 15:32:43,753 - INFO - No new posts detected (352)
2025-06-23 15:32:46,263 - INFO - No new posts detected (353)
2025-06-23 15:32:48,772 - INFO - No new posts detected (354)
2025-06-23 15:32:51,281 - INFO - No new posts detected (355)
2025-06-23 15:32:53,790 - INFO - No new posts detected (356)
2025-06-23 15:32:56,300 - INFO - No new posts detected (357)
2025-06-23 15:32:58,809 - INFO - No new posts detected (358)
2025-06-23 15:33:01,319 - INFO - No new posts detected (359)
2025-06-23 15:33:03,828 - INFO - No new posts detected (360)
2025-06-23 15:33:06,337 - INFO - No new posts detected (361)
2025-06-23 15:33:08,847 - INFO - No new posts detected (362)
2025-06-23 15:33:11,356 - INFO - No new posts detected (363)
2025-06-23 15:33:13,865 - INFO - No new posts detected (364)
2025-06-23 15:33:16,375 - INFO - No new posts detected (365)
2025-06-23 15:33:18,885 - INFO - No new posts detected (366)
2025-06-23 15:33:21,394 - INFO - No new posts detected (367)
2025-06-23 15:33:23,904 - INFO - No new posts detected (368)
2025-06-23 15:33:26,413 - INFO - No new posts detected (369)
2025-06-23 15:33:28,922 - INFO - No new posts detected (370)
2025-06-23 15:33:31,432 - INFO - No new posts detected (371)
2025-06-23 15:33:33,942 - INFO - No new posts detected (372)
2025-06-23 15:33:36,451 - INFO - No new posts detected (373)
2025-06-23 15:33:38,961 - INFO - No new posts detected (374)
2025-06-23 15:33:41,470 - INFO - No new posts detected (375)
2025-06-23 15:33:43,979 - INFO - No new posts detected (376)
2025-06-23 15:33:46,489 - INFO - No new posts detected (377)
2025-06-23 15:33:48,998 - INFO - No new posts detected (378)
2025-06-23 15:33:51,508 - INFO - No new posts detected (379)
2025-06-23 15:33:54,017 - INFO - No new posts detected (380)
2025-06-23 15:33:56,526 - INFO - No new posts detected (381)
2025-06-23 15:33:59,035 - INFO - No new posts detected (382)
2025-06-23 15:34:01,545 - INFO - No new posts detected (383)
2025-06-23 15:34:04,055 - INFO - No new posts detected (384)
2025-06-23 15:34:06,564 - INFO - No new posts detected (385)
2025-06-23 15:34:09,073 - INFO - No new posts detected (386)
2025-06-23 15:34:11,582 - INFO - No new posts detected (387)
2025-06-23 15:34:14,092 - INFO - No new posts detected (388)
2025-06-23 15:34:16,602 - INFO - No new posts detected (389)
2025-06-23 15:34:19,111 - INFO - No new posts detected (390)
2025-06-23 15:34:21,620 - INFO - No new posts detected (391)
2025-06-23 15:34:24,130 - INFO - No new posts detected (392)
2025-06-23 15:34:26,639 - INFO - No new posts detected (393)
2025-06-23 15:34:29,149 - INFO - No new posts detected (394)
2025-06-23 15:34:31,659 - INFO - No new posts detected (395)
2025-06-23 15:34:34,168 - INFO - No new posts detected (396)
2025-06-23 15:34:36,677 - INFO - No new posts detected (397)
2025-06-23 15:34:39,187 - INFO - No new posts detected (398)
2025-06-23 15:34:41,697 - INFO - No new posts detected (399)
2025-06-23 15:34:44,206 - INFO - No new posts detected (400)
2025-06-23 15:34:46,715 - INFO - No new posts detected (401)
2025-06-23 15:34:49,225 - INFO - No new posts detected (402)
2025-06-23 15:34:51,734 - INFO - No new posts detected (403)
2025-06-23 15:34:54,244 - INFO - No new posts detected (404)
2025-06-23 15:34:56,753 - INFO - No new posts detected (405)
2025-06-23 15:34:59,262 - INFO - No new posts detected (406)
2025-06-23 15:35:01,772 - INFO - No new posts detected (407)
2025-06-23 15:35:04,282 - INFO - No new posts detected (408)
2025-06-23 15:35:06,791 - INFO - No new posts detected (409)
2025-06-23 15:35:09,300 - INFO - No new posts detected (410)
2025-06-23 15:35:11,809 - INFO - No new posts detected (411)
2025-06-23 15:35:14,319 - INFO - No new posts detected (412)
2025-06-23 15:35:16,828 - INFO - No new posts detected (413)
2025-06-23 15:35:19,338 - INFO - No new posts detected (414)
2025-06-23 15:35:21,847 - INFO - No new posts detected (415)
2025-06-23 15:35:24,357 - INFO - No new posts detected (416)
2025-06-23 15:35:26,866 - INFO - No new posts detected (417)
2025-06-23 15:35:29,375 - INFO - No new posts detected (418)
2025-06-23 15:35:31,885 - INFO - No new posts detected (419)
2025-06-23 15:35:34,394 - INFO - No new posts detected (420)
2025-06-23 15:35:36,904 - INFO - No new posts detected (421)
2025-06-23 15:35:39,413 - INFO - No new posts detected (422)
2025-06-23 15:35:41,922 - INFO - No new posts detected (423)
2025-06-23 15:35:44,432 - INFO - No new posts detected (424)
2025-06-23 15:35:46,941 - INFO - No new posts detected (425)
2025-06-23 15:35:49,451 - INFO - No new posts detected (426)
2025-06-23 15:35:51,961 - INFO - No new posts detected (427)
2025-06-23 15:35:54,470 - INFO - No new posts detected (428)
2025-06-23 15:35:56,979 - INFO - No new posts detected (429)
2025-06-23 15:35:59,491 - INFO - No new posts detected (430)
2025-06-23 15:36:02,005 - INFO - No new posts detected (431)
2025-06-23 15:36:04,516 - INFO - No new posts detected (432)
2025-06-23 15:36:07,027 - INFO - No new posts detected (433)
2025-06-23 15:36:09,538 - INFO - No new posts detected (434)
2025-06-23 15:36:12,049 - INFO - No new posts detected (435)
2025-06-23 15:36:14,560 - INFO - No new posts detected (436)
2025-06-23 15:36:17,072 - INFO - No new posts detected (437)
2025-06-23 15:36:19,582 - INFO - No new posts detected (438)
2025-06-23 15:36:22,094 - INFO - No new posts detected (439)
2025-06-23 15:36:24,605 - INFO - No new posts detected (440)
2025-06-23 15:36:27,116 - INFO - No new posts detected (441)
2025-06-23 15:36:29,626 - INFO - No new posts detected (442)
2025-06-23 15:36:32,138 - INFO - No new posts detected (443)
2025-06-23 15:36:34,649 - INFO - No new posts detected (444)
2025-06-23 15:36:37,160 - INFO - No new posts detected (445)
2025-06-23 15:36:39,671 - INFO - No new posts detected (446)
2025-06-23 15:36:42,182 - INFO - No new posts detected (447)
2025-06-23 15:36:44,693 - INFO - No new posts detected (448)
2025-06-23 15:36:47,204 - INFO - No new posts detected (449)
2025-06-23 15:36:49,716 - INFO - No new posts detected (450)
2025-06-23 15:36:52,227 - INFO - No new posts detected (451)
2025-06-23 15:36:54,738 - INFO - No new posts detected (452)
2025-06-23 15:36:57,249 - INFO - No new posts detected (453)
2025-06-23 15:36:59,760 - INFO - No new posts detected (454)
2025-06-23 15:37:02,271 - INFO - No new posts detected (455)
2025-06-23 15:37:04,783 - INFO - No new posts detected (456)
2025-06-23 15:37:07,292 - INFO - No new posts detected (457)
2025-06-23 15:37:09,801 - INFO - No new posts detected (458)
2025-06-23 15:37:12,311 - INFO - No new posts detected (459)
2025-06-23 15:37:14,820 - INFO - No new posts detected (460)
2025-06-23 15:37:17,330 - INFO - No new posts detected (461)
2025-06-23 15:37:19,840 - INFO - No new posts detected (462)
2025-06-23 15:37:22,349 - INFO - No new posts detected (463)
2025-06-23 15:37:24,858 - INFO - No new posts detected (464)
2025-06-23 15:37:27,367 - INFO - No new posts detected (465)
2025-06-23 15:37:29,877 - INFO - No new posts detected (466)
2025-06-23 15:37:32,387 - INFO - No new posts detected (467)
2025-06-23 15:37:34,896 - INFO - No new posts detected (468)
2025-06-23 15:37:37,406 - INFO - No new posts detected (469)
2025-06-23 15:37:39,915 - INFO - No new posts detected (470)
2025-06-23 15:37:42,424 - INFO - No new posts detected (471)
2025-06-23 15:37:44,933 - INFO - No new posts detected (472)
2025-06-23 15:37:47,443 - INFO - No new posts detected (473)
2025-06-23 15:37:49,952 - INFO - No new posts detected (474)
2025-06-23 15:37:52,462 - INFO - No new posts detected (475)
2025-06-23 15:37:54,971 - INFO - No new posts detected (476)
2025-06-23 15:37:57,480 - INFO - No new posts detected (477)
2025-06-23 15:37:59,989 - INFO - No new posts detected (478)
2025-06-23 15:38:02,499 - INFO - No new posts detected (479)
2025-06-23 15:38:05,008 - INFO - No new posts detected (480)
2025-06-23 15:38:07,517 - INFO - No new posts detected (481)
2025-06-23 15:38:10,027 - INFO - No new posts detected (482)
2025-06-23 15:38:12,539 - INFO - No new posts detected (483)
2025-06-23 15:38:15,050 - INFO - No new posts detected (484)
2025-06-23 15:38:17,562 - INFO - No new posts detected (485)
2025-06-23 15:38:20,073 - INFO - No new posts detected (486)
2025-06-23 15:38:22,584 - INFO - No new posts detected (487)
2025-06-23 15:38:25,095 - INFO - No new posts detected (488)
2025-06-23 15:38:27,606 - INFO - No new posts detected (489)
2025-06-23 15:38:30,117 - INFO - No new posts detected (490)
2025-06-23 15:38:32,628 - INFO - No new posts detected (491)
2025-06-23 15:38:35,139 - INFO - No new posts detected (492)
2025-06-23 15:38:37,650 - INFO - No new posts detected (493)
2025-06-23 15:38:40,161 - INFO - No new posts detected (494)
2025-06-23 15:38:42,672 - INFO - No new posts detected (495)
2025-06-23 15:38:45,183 - INFO - No new posts detected (496)
2025-06-23 15:38:47,694 - INFO - No new posts detected (497)
2025-06-23 15:38:50,208 - INFO - No new posts detected (498)
2025-06-23 15:38:52,719 - INFO - No new posts detected (499)
2025-06-23 15:38:55,228 - INFO - No new posts detected (500)
2025-06-23 15:38:57,738 - INFO - No new posts detected (501)
2025-06-23 15:39:00,247 - INFO - No new posts detected (502)
2025-06-23 15:39:02,756 - INFO - No new posts detected (503)
2025-06-23 15:39:05,266 - INFO - No new posts detected (504)
2025-06-23 15:39:07,775 - INFO - No new posts detected (505)
2025-06-23 15:39:10,285 - INFO - No new posts detected (506)
2025-06-23 15:39:12,794 - INFO - No new posts detected (507)
2025-06-23 15:39:15,303 - INFO - No new posts detected (508)
2025-06-23 15:39:17,813 - INFO - No new posts detected (509)
2025-06-23 15:39:20,322 - INFO - No new posts detected (510)
2025-06-23 15:39:22,832 - INFO - No new posts detected (511)
2025-06-23 15:39:25,341 - INFO - No new posts detected (512)
2025-06-23 15:39:27,851 - INFO - No new posts detected (513)
2025-06-23 15:39:30,361 - INFO - No new posts detected (514)
2025-06-23 15:39:32,870 - INFO - No new posts detected (515)
2025-06-23 15:39:35,380 - INFO - No new posts detected (516)
2025-06-23 15:39:37,890 - INFO - No new posts detected (517)
2025-06-23 15:39:40,400 - INFO - No new posts detected (518)
2025-06-23 15:39:42,909 - INFO - No new posts detected (519)
2025-06-23 15:39:45,418 - INFO - No new posts detected (520)
2025-06-23 15:39:47,927 - INFO - No new posts detected (521)
2025-06-23 15:39:50,437 - INFO - No new posts detected (522)
2025-06-23 15:39:52,947 - INFO - No new posts detected (523)
2025-06-23 15:39:55,456 - INFO - No new posts detected (524)
2025-06-23 15:39:57,965 - INFO - No new posts detected (525)
2025-06-23 15:40:00,474 - INFO - No new posts detected (526)
2025-06-23 15:40:02,983 - INFO - No new posts detected (527)
2025-06-23 15:40:05,492 - INFO - No new posts detected (528)
2025-06-23 15:40:08,002 - INFO - No new posts detected (529)
2025-06-23 15:40:10,511 - INFO - No new posts detected (530)
2025-06-23 15:40:13,021 - INFO - No new posts detected (531)
2025-06-23 15:40:15,529 - INFO - No new posts detected (532)
2025-06-23 15:40:18,039 - INFO - No new posts detected (533)
2025-06-23 15:40:20,548 - INFO - No new posts detected (534)
2025-06-23 15:40:23,058 - INFO - No new posts detected (535)
2025-06-23 15:40:25,567 - INFO - No new posts detected (536)
2025-06-23 15:40:28,076 - INFO - No new posts detected (537)
2025-06-23 15:40:30,585 - INFO - No new posts detected (538)
2025-06-23 15:40:33,094 - INFO - No new posts detected (539)
2025-06-23 15:40:35,603 - INFO - No new posts detected (540)
2025-06-23 15:40:38,113 - INFO - No new posts detected (541)
2025-06-23 15:40:40,622 - INFO - No new posts detected (542)
2025-06-23 15:40:43,131 - INFO - No new posts detected (543)
2025-06-23 15:40:45,640 - INFO - No new posts detected (544)
2025-06-23 15:40:48,150 - INFO - No new posts detected (545)
2025-06-23 15:40:50,660 - INFO - No new posts detected (546)
2025-06-23 15:40:53,169 - INFO - No new posts detected (547)
2025-06-23 15:40:55,679 - INFO - No new posts detected (548)
2025-06-23 15:40:58,188 - INFO - No new posts detected (549)
2025-06-23 15:41:00,697 - INFO - No new posts detected (550)
2025-06-23 15:41:03,206 - INFO - No new posts detected (551)
2025-06-23 15:41:05,716 - INFO - No new posts detected (552)
2025-06-23 15:41:08,226 - INFO - No new posts detected (553)
2025-06-23 15:41:10,735 - INFO - No new posts detected (554)
2025-06-23 15:41:13,244 - INFO - No new posts detected (555)
2025-06-23 15:41:15,754 - INFO - No new posts detected (556)
2025-06-23 15:41:18,263 - INFO - No new posts detected (557)
2025-06-23 15:41:20,772 - INFO - No new posts detected (558)
2025-06-23 15:41:23,282 - INFO - No new posts detected (559)
2025-06-23 15:41:25,791 - INFO - No new posts detected (560)
2025-06-23 15:41:28,301 - INFO - No new posts detected (561)
2025-06-23 15:41:30,810 - INFO - No new posts detected (562)
2025-06-23 15:41:33,319 - INFO - No new posts detected (563)
2025-06-23 15:41:35,828 - INFO - No new posts detected (564)
2025-06-23 15:41:38,338 - INFO - No new posts detected (565)
2025-06-23 15:41:40,847 - INFO - No new posts detected (566)
2025-06-23 15:41:43,357 - INFO - No new posts detected (567)
2025-06-23 15:41:45,866 - INFO - No new posts detected (568)
2025-06-23 15:41:48,375 - INFO - No new posts detected (569)
2025-06-23 15:41:50,885 - INFO - No new posts detected (570)
2025-06-23 15:41:53,394 - INFO - No new posts detected (571)
2025-06-23 15:41:55,904 - INFO - No new posts detected (572)
2025-06-23 15:41:58,413 - INFO - No new posts detected (573)
2025-06-23 15:42:00,922 - INFO - No new posts detected (574)
2025-06-23 15:42:03,431 - INFO - No new posts detected (575)
2025-06-23 15:42:05,940 - INFO - No new posts detected (576)
2025-06-23 15:42:08,450 - INFO - No new posts detected (577)
2025-06-23 15:42:10,959 - INFO - No new posts detected (578)
2025-06-23 15:42:13,468 - INFO - No new posts detected (579)
2025-06-23 15:42:15,978 - INFO - No new posts detected (580)
2025-06-23 15:42:18,487 - INFO - No new posts detected (581)
2025-06-23 15:42:20,997 - INFO - No new posts detected (582)
2025-06-23 15:42:23,506 - INFO - No new posts detected (583)
2025-06-23 15:42:26,016 - INFO - No new posts detected (584)
2025-06-23 15:42:28,525 - INFO - No new posts detected (585)
2025-06-23 15:42:31,034 - INFO - No new posts detected (586)
2025-06-23 15:42:33,543 - INFO - No new posts detected (587)
2025-06-23 15:42:36,053 - INFO - No new posts detected (588)
2025-06-23 15:42:38,562 - INFO - No new posts detected (589)
2025-06-23 15:42:41,071 - INFO - No new posts detected (590)
2025-06-23 15:42:43,580 - INFO - No new posts detected (591)
2025-06-23 15:42:46,089 - INFO - No new posts detected (592)
2025-06-23 15:42:48,598 - INFO - No new posts detected (593)
2025-06-23 15:42:51,108 - INFO - No new posts detected (594)
2025-06-23 15:42:53,617 - INFO - No new posts detected (595)
2025-06-23 15:42:56,129 - INFO - No new posts detected (596)
2025-06-23 15:42:58,638 - INFO - No new posts detected (597)
2025-06-23 15:43:01,147 - INFO - No new posts detected (598)
2025-06-23 15:43:03,657 - INFO - No new posts detected (599)
2025-06-23 15:43:06,166 - INFO - No new posts detected (600)
2025-06-23 15:43:08,675 - INFO - No new posts detected (601)
2025-06-23 15:43:11,184 - INFO - No new posts detected (602)
2025-06-23 15:43:13,694 - INFO - No new posts detected (603)
2025-06-23 15:43:16,203 - INFO - No new posts detected (604)
2025-06-23 15:43:18,713 - INFO - No new posts detected (605)
2025-06-23 15:43:21,222 - INFO - No new posts detected (606)
2025-06-23 15:43:23,731 - INFO - No new posts detected (607)
2025-06-23 15:43:26,241 - INFO - No new posts detected (608)
2025-06-23 15:43:28,751 - INFO - No new posts detected (609)
2025-06-23 15:43:31,260 - INFO - No new posts detected (610)
2025-06-23 15:43:33,769 - INFO - No new posts detected (611)
2025-06-23 15:43:36,279 - INFO - No new posts detected (612)
2025-06-23 15:43:38,788 - INFO - No new posts detected (613)
2025-06-23 15:43:41,297 - INFO - No new posts detected (614)
2025-06-23 15:43:43,807 - INFO - No new posts detected (615)
2025-06-23 15:43:46,317 - INFO - No new posts detected (616)
2025-06-23 15:43:48,826 - INFO - No new posts detected (617)
2025-06-23 15:43:51,335 - INFO - No new posts detected (618)
2025-06-23 15:43:53,845 - INFO - No new posts detected (619)
2025-06-23 15:43:56,355 - INFO - No new posts detected (620)
2025-06-23 15:43:58,864 - INFO - No new posts detected (621)
2025-06-23 15:44:01,374 - INFO - No new posts detected (622)
2025-06-23 15:44:03,884 - INFO - No new posts detected (623)
2025-06-23 15:44:06,393 - INFO - No new posts detected (624)
2025-06-23 15:44:08,903 - INFO - No new posts detected (625)
2025-06-23 15:44:11,412 - INFO - No new posts detected (626)
2025-06-23 15:44:13,922 - INFO - No new posts detected (627)
2025-06-23 15:44:16,432 - INFO - No new posts detected (628)
2025-06-23 15:44:18,941 - INFO - No new posts detected (629)
2025-06-23 15:44:21,450 - INFO - No new posts detected (630)
2025-06-23 15:44:23,960 - INFO - No new posts detected (631)
2025-06-23 15:44:26,469 - INFO - No new posts detected (632)
2025-06-23 15:44:28,979 - INFO - No new posts detected (633)
2025-06-23 15:44:31,489 - INFO - No new posts detected (634)
2025-06-23 15:44:33,998 - INFO - No new posts detected (635)
2025-06-23 15:44:36,508 - INFO - No new posts detected (636)
2025-06-23 15:44:39,017 - INFO - No new posts detected (637)
2025-06-23 15:44:41,527 - INFO - No new posts detected (638)
2025-06-23 15:44:44,036 - INFO - No new posts detected (639)
2025-06-23 15:44:46,545 - INFO - No new posts detected (640)
2025-06-23 15:44:49,055 - INFO - No new posts detected (641)
2025-06-23 15:44:51,564 - INFO - No new posts detected (642)
2025-06-23 15:44:54,073 - INFO - No new posts detected (643)
2025-06-23 15:44:56,582 - INFO - No new posts detected (644)
2025-06-23 15:44:59,092 - INFO - No new posts detected (645)
2025-06-23 15:45:01,601 - INFO - No new posts detected (646)
2025-06-23 15:45:04,111 - INFO - No new posts detected (647)
2025-06-23 15:45:06,620 - INFO - No new posts detected (648)
2025-06-23 15:45:09,129 - INFO - No new posts detected (649)
2025-06-23 15:45:11,639 - INFO - No new posts detected (650)
2025-06-23 15:45:14,149 - INFO - No new posts detected (651)
2025-06-23 15:45:16,658 - INFO - No new posts detected (652)
2025-06-23 15:45:19,167 - INFO - No new posts detected (653)
2025-06-23 15:45:21,677 - INFO - No new posts detected (654)
2025-06-23 15:45:24,186 - INFO - No new posts detected (655)
2025-06-23 15:45:26,695 - INFO - No new posts detected (656)
2025-06-23 15:45:29,205 - INFO - No new posts detected (657)
2025-06-23 15:45:31,714 - INFO - No new posts detected (658)
2025-06-23 15:45:34,223 - INFO - No new posts detected (659)
2025-06-23 15:45:36,732 - INFO - No new posts detected (660)
2025-06-23 15:45:39,241 - INFO - No new posts detected (661)
2025-06-23 15:45:41,750 - INFO - No new posts detected (662)
2025-06-23 15:45:44,260 - INFO - No new posts detected (663)
2025-06-23 15:45:46,770 - INFO - No new posts detected (664)
2025-06-23 15:45:49,279 - INFO - No new posts detected (665)
2025-06-23 15:45:51,788 - INFO - No new posts detected (666)
2025-06-23 15:45:54,298 - INFO - No new posts detected (667)
2025-06-23 15:45:56,807 - INFO - No new posts detected (668)
2025-06-23 15:45:59,316 - INFO - No new posts detected (669)
2025-06-23 15:46:01,826 - INFO - No new posts detected (670)
2025-06-23 15:46:04,335 - INFO - No new posts detected (671)
2025-06-23 15:46:06,844 - INFO - No new posts detected (672)
2025-06-23 15:46:09,354 - INFO - No new posts detected (673)
2025-06-23 15:46:11,863 - INFO - No new posts detected (674)
2025-06-23 15:46:14,372 - INFO - No new posts detected (675)
2025-06-23 15:46:16,882 - INFO - No new posts detected (676)
2025-06-23 15:46:19,391 - INFO - No new posts detected (677)
2025-06-23 15:46:21,901 - INFO - No new posts detected (678)
2025-06-23 15:46:24,409 - INFO - No new posts detected (679)
2025-06-23 15:46:26,919 - INFO - No new posts detected (680)
2025-06-23 15:46:29,428 - INFO - No new posts detected (681)
2025-06-23 15:46:31,938 - INFO - No new posts detected (682)
2025-06-23 15:46:34,447 - INFO - No new posts detected (683)
2025-06-23 15:46:36,956 - INFO - No new posts detected (684)
2025-06-23 15:46:39,466 - INFO - No new posts detected (685)
2025-06-23 15:46:41,975 - INFO - No new posts detected (686)
2025-06-23 15:46:44,485 - INFO - No new posts detected (687)
2025-06-23 15:46:46,994 - INFO - No new posts detected (688)
2025-06-23 15:46:49,503 - INFO - No new posts detected (689)
2025-06-23 15:46:52,013 - INFO - No new posts detected (690)
2025-06-23 15:46:54,522 - INFO - No new posts detected (691)
2025-06-23 15:46:57,031 - INFO - No new posts detected (692)
2025-06-23 15:46:59,541 - INFO - No new posts detected (693)
2025-06-23 15:47:02,050 - INFO - No new posts detected (694)
2025-06-23 15:47:04,560 - INFO - No new posts detected (695)
2025-06-23 15:47:07,069 - INFO - No new posts detected (696)
2025-06-23 15:47:09,578 - INFO - No new posts detected (697)
2025-06-23 15:47:12,088 - INFO - No new posts detected (698)
2025-06-23 15:47:14,598 - INFO - No new posts detected (699)
2025-06-23 15:47:17,107 - INFO - No new posts detected (700)
2025-06-23 15:47:19,616 - INFO - No new posts detected (701)
2025-06-23 15:47:22,126 - INFO - No new posts detected (702)
2025-06-23 15:47:24,635 - INFO - No new posts detected (703)
2025-06-23 15:47:27,145 - INFO - No new posts detected (704)
2025-06-23 15:47:29,655 - INFO - No new posts detected (705)
2025-06-23 15:47:32,164 - INFO - No new posts detected (706)
2025-06-23 15:47:34,674 - INFO - No new posts detected (707)
2025-06-23 15:47:37,183 - INFO - No new posts detected (708)
2025-06-23 15:47:39,692 - INFO - No new posts detected (709)
2025-06-23 15:47:42,201 - INFO - No new posts detected (710)
2025-06-23 15:47:44,711 - INFO - No new posts detected (711)
2025-06-23 15:47:47,221 - INFO - No new posts detected (712)
2025-06-23 15:47:49,731 - INFO - No new posts detected (713)
2025-06-23 15:47:52,241 - INFO - No new posts detected (714)
2025-06-23 15:47:54,750 - INFO - No new posts detected (715)
2025-06-23 15:47:57,259 - INFO - No new posts detected (716)
2025-06-23 15:47:59,769 - INFO - No new posts detected (717)
2025-06-23 15:48:02,279 - INFO - No new posts detected (718)
2025-06-23 15:48:04,788 - INFO - No new posts detected (719)
2025-06-23 15:48:07,297 - INFO - No new posts detected (720)
2025-06-23 15:48:09,807 - INFO - No new posts detected (721)
2025-06-23 15:48:12,316 - INFO - No new posts detected (722)
2025-06-23 15:48:14,826 - INFO - No new posts detected (723)
2025-06-23 15:48:17,336 - INFO - No new posts detected (724)
2025-06-23 15:48:19,845 - INFO - No new posts detected (725)
